0 info it worked if it ends with ok
1 verbose cli [ 'C:\\Program Files\\nodejs\\node.exe',
1 verbose cli   'C:\\Program Files\\nodejs\\node_modules\\npm\\bin\\npm-cli.js',
1 verbose cli   'run',
1 verbose cli   'prd' ]
2 info using npm@3.10.10
3 info using node@v6.10.0
4 verbose run-script [ 'preprd', 'prd', 'postprd' ]
5 info lifecycle react-demo@1.0.0~preprd: react-demo@1.0.0
6 silly lifecycle react-demo@1.0.0~preprd: no script for preprd, continuing
7 info lifecycle react-demo@1.0.0~prd: react-demo@1.0.0
8 verbose lifecycle react-demo@1.0.0~prd: unsafe-perm in lifecycle true
9 verbose lifecycle react-demo@1.0.0~prd: PATH: C:\Program Files\nodejs\node_modules\npm\bin\node-gyp-bin;C:\Users\Administrator\Desktop\Taylor\react-demo\react-demo1\node_modules\.bin;C:\Ruby23-x64\bin;C:\windows\system32;C:\windows;C:\windows\System32\Wbem;C:\windows\System32\WindowsPowerShell\v1.0\;C:\Program Files\nodejs\;C:\Program Files (x86)\Git\cmd;C:\data\db\bin;C:\Users\Administrator\AppData\Roaming\npm
10 verbose lifecycle react-demo@1.0.0~prd: CWD: C:\Users\Administrator\Desktop\Taylor\react-demo\react-demo1
11 silly lifecycle react-demo@1.0.0~prd: Args: [ '/d /s /c', 'webpack-dev-server --env prd' ]
12 silly lifecycle react-demo@1.0.0~prd: Returned: code: 3221225786  signal: null
13 info lifecycle react-demo@1.0.0~prd: Failed to exec prd script
14 verbose stack Error: react-demo@1.0.0 prd: `webpack-dev-server --env prd`
14 verbose stack Exit status 3221225786
14 verbose stack     at EventEmitter.<anonymous> (C:\Program Files\nodejs\node_modules\npm\lib\utils\lifecycle.js:255:16)
14 verbose stack     at emitTwo (events.js:106:13)
14 verbose stack     at EventEmitter.emit (events.js:191:7)
14 verbose stack     at ChildProcess.<anonymous> (C:\Program Files\nodejs\node_modules\npm\lib\utils\spawn.js:40:14)
14 verbose stack     at emitTwo (events.js:106:13)
14 verbose stack     at ChildProcess.emit (events.js:191:7)
14 verbose stack     at maybeClose (internal/child_process.js:877:16)
14 verbose stack     at Process.ChildProcess._handle.onexit (internal/child_process.js:226:5)
15 verbose pkgid react-demo@1.0.0
16 verbose cwd C:\Users\Administrator\Desktop\Taylor\react-demo\react-demo1
17 error Windows_NT 6.1.7601
18 error argv "C:\\Program Files\\nodejs\\node.exe" "C:\\Program Files\\nodejs\\node_modules\\npm\\bin\\npm-cli.js" "run" "prd"
19 error node v6.10.0
20 error npm  v3.10.10
21 error code ELIFECYCLE
22 error react-demo@1.0.0 prd: `webpack-dev-server --env prd`
22 error Exit status 3221225786
23 error Failed at the react-demo@1.0.0 prd script 'webpack-dev-server --env prd'.
23 error Make sure you have the latest version of node.js and npm installed.
23 error If you do, this is most likely a problem with the react-demo package,
23 error not with npm itself.
23 error Tell the author that this fails on your system:
23 error     webpack-dev-server --env prd
23 error You can get information on how to open an issue for this project with:
23 error     npm bugs react-demo
23 error Or if that isn't available, you can get their info via:
23 error     npm owner ls react-demo
23 error There is likely additional logging output above.
24 verbose exit [ 1, true ]
